<?xml version="1.0" encoding="UTF-8"?>
<!-- Generated by org.testng.reporters.JUnitReportReporter -->
<testsuite hostname="LAPTOP-KA4DGM33" failures="0" tests="4" name="dbTesting.StoredProcedure" time="0.227" errors="0" timestamp="2022-12-02T18:19:06 IST" skipped="0">
  <testcase classname="dbTesting.StoredProcedure" name="test_storedProceduredExists" time="0.075"/>
  <system-out/>
  <testcase classname="dbTesting.StoredProcedure" name="selectAllCustomers" time="0.110"/>
  <system-out/>
  <testcase classname="dbTesting.StoredProcedure" name="selectAllCustomersByCity" time="0.023"/>
  <system-out/>
  <testcase classname="dbTesting.StoredProcedure" name="selectAllCustomersByCityAndPin" time="0.019"/>
  <system-out/>
</testsuite> <!-- dbTesting.StoredProcedure -->
